c:\users\dickb\dropbox\school\computer science class\cs420\cs420_assignment\project recipe\debug\vc140.pdb
c:\users\dickb\dropbox\school\computer science class\cs420\cs420_assignment\project recipe\debug\records.obj
c:\users\dickb\dropbox\school\computer science class\cs420\cs420_assignment\project recipe\debug\myform.obj
c:\users\dickb\dropbox\school\computer science class\cs420\cs420_assignment\project recipe\debug\.netframework,version=v4.5.2.assemblyattributes.obj
c:\users\dickb\dropbox\school\computer science class\cs420\cs420_assignment\project recipe\debug\.netframework,version=v4.5.2.assemblyattributes.asm
c:\users\dickb\dropbox\school\computer science class\cs420\cs420_assignment\project recipe\debug\project recipe.exe
c:\users\dickb\dropbox\school\computer science class\cs420\cs420_assignment\project recipe\debug\project recipe.pdb
c:\users\dickb\dropbox\school\computer science class\cs420\cs420_assignment\project recipe\debug\project_recipe.myform.resources
c:\users\dickb\dropbox\school\computer science class\cs420\cs420_assignment\project recipe\debug\project recipe.vcxproj.generateresource.cache
c:\users\dickb\dropbox\school\computer science class\cs420\cs420_assignment\project recipe\debug\project recipe.exe.metagen
c:\users\dickb\dropbox\school\computer science class\cs420\cs420_assignment\project recipe\debug\project recipe.tlog\cl.command.1.tlog
c:\users\dickb\dropbox\school\computer science class\cs420\cs420_assignment\project recipe\debug\project recipe.tlog\cl.read.1.tlog
c:\users\dickb\dropbox\school\computer science class\cs420\cs420_assignment\project recipe\debug\project recipe.tlog\cl.write.1.tlog
c:\users\dickb\dropbox\school\computer science class\cs420\cs420_assignment\project recipe\debug\project recipe.tlog\link.command.1.tlog
c:\users\dickb\dropbox\school\computer science class\cs420\cs420_assignment\project recipe\debug\project recipe.tlog\link.read.1.tlog
c:\users\dickb\dropbox\school\computer science class\cs420\cs420_assignment\project recipe\debug\project recipe.tlog\link.write.1.tlog
c:\users\dickb\dropbox\school\computer science class\cs420\cs420_assignment\project recipe\debug\project recipe.tlog\metagen.read.1.tlog
c:\users\dickb\dropbox\school\computer science class\cs420\cs420_assignment\project recipe\debug\project recipe.tlog\metagen.write.1.tlog
c:\users\dickb\dropbox\school\computer science class\cs420\cs420_assignment\project recipe\debug\project recipe.tlog\project recipe.write.1u.tlog
c:\users\dickb\dropbox\school\computer science class\cs420\cs420_assignment\project recipe\debug\project recipe.tlog\tzres.dll.bi
